<?xml version="1.0" encoding="UTF-8"?>
<testsuite xmlns:xsi="http://www.w3.org/2001/XMLSchema-instance" xsi:noNamespaceSchemaLocation="https://maven.apache.org/surefire/maven-surefire-plugin/xsd/surefire-test-report.xsd" version="3.0.2" name="io.github.F00dDemon.centroidfinder.BinarizingImageGroupFinderTest" time="0.205" tests="15" errors="0" skipped="0" failures="0">
  <properties>
[...]
</properties>
  <testcase name="verifyGroupFinderCalledOnce" classname="io.github.F00dDemon.centroidfinder.BinarizingImageGroupFinderTest" time="0.07"/>
  <testcase name="verifyAllMultipleGroupsPresent" classname="io.github.F00dDemon.centroidfinder.BinarizingImageGroupFinderTest" time="0.021"/>
  <testcase name="verifyGroupsAreReturned" classname="io.github.F00dDemon.centroidfinder.BinarizingImageGroupFinderTest" time="0.008"/>
  <testcase name="verifyGroupSizeAndCentroidUnchanged" classname="io.github.F00dDemon.centroidfinder.BinarizingImageGroupFinderTest" time="0.007"/>
  <testcase name="verifyMinimalSinglePixelGroupReturned" classname="io.github.F00dDemon.centroidfinder.BinarizingImageGroupFinderTest" time="0.007"/>
  <testcase name="verifyEmptyGroupList" classname="io.github.F00dDemon.centroidfinder.BinarizingImageGroupFinderTest" time="0.008"/>
  <testcase name="verifyLargeCentroidValuesUnchanged" classname="io.github.F00dDemon.centroidfinder.BinarizingImageGroupFinderTest" time="0.008"/>
  <testcase name="verifyImageDimensionsReachBinarizer" classname="io.github.F00dDemon.centroidfinder.BinarizingImageGroupFinderTest" time="0.009"/>
  <testcase name="verifyBinaryArrayReachesGroupFinder" classname="io.github.F00dDemon.centroidfinder.BinarizingImageGroupFinderTest" time="0.007"/>
  <testcase name="verifyImageReachesBinarizer" classname="io.github.F00dDemon.centroidfinder.BinarizingImageGroupFinderTest" time="0.007"/>
  <testcase name="verifySequentialCallsAreIndependent" classname="io.github.F00dDemon.centroidfinder.BinarizingImageGroupFinderTest" time="0.007"/>
  <testcase name="verifyResultIsNotNull" classname="io.github.F00dDemon.centroidfinder.BinarizingImageGroupFinderTest" time="0.007"/>
  <testcase name="verifyTenGroupsAllPresent" classname="io.github.F00dDemon.centroidfinder.BinarizingImageGroupFinderTest" time="0.006"/>
  <testcase name="verifyGroupOrderIsPreserved" classname="io.github.F00dDemon.centroidfinder.BinarizingImageGroupFinderTest" time="0.006"/>
  <testcase name="verifyBinarizerCalledOnce" classname="io.github.F00dDemon.centroidfinder.BinarizingImageGroupFinderTest" time="0.006"/>
</testsuite>